01-02-2024 14:50:02	This log contains information about the import schema operation into project 'Database2' on computer 'DESKTOP-KLR24O6' by user 'User'.
01-02-2024 14:50:03	Import of database schema has started.
01-02-2024 14:50:05	Gathering logins
01-02-2024 14:50:18	Gathering database credentials
01-02-2024 14:50:18	Gathering database options
01-02-2024 14:50:18	Gathering generic database scoped configuration option
01-02-2024 14:50:18	Gathering users
01-02-2024 14:50:18	Gathering roles
01-02-2024 14:50:18	Gathering application roles
01-02-2024 14:50:18	Gathering role memberships
01-02-2024 14:50:18	Gathering filegroups
01-02-2024 14:50:18	Gathering full-text catalogs
01-02-2024 14:50:18	Gathering assemblies
01-02-2024 14:50:18	Gathering certificates
01-02-2024 14:50:18	Gathering symmetric keys
01-02-2024 14:50:18	Gathering encrypted symmetric keys
01-02-2024 14:50:18	Gathering schemas
01-02-2024 14:50:18	Gathering XML schema collections
01-02-2024 14:50:18	Gathering user-defined data types
01-02-2024 14:50:18	Gathering user-defined types
01-02-2024 14:50:18	Gathering table types
01-02-2024 14:50:18	Gathering unique keys for table types
01-02-2024 14:50:18	Gathering primary keys for table types
01-02-2024 14:50:18	Gathering indexes for table types
01-02-2024 14:50:18	Gathering check constraints for table types
01-02-2024 14:50:18	Gathering default constraints for table types
01-02-2024 14:50:18	Gathering partition functions
01-02-2024 14:50:18	Gathering partition schemes
01-02-2024 14:50:18	Gathering functions
01-02-2024 14:50:18	Gathering encrypted functions
01-02-2024 14:50:18	Gathering aggregates
01-02-2024 14:50:18	Gathering procedures
01-02-2024 14:50:18	Gathering encrypted procedures
01-02-2024 14:50:18	Gathering tables
01-02-2024 14:50:18	Gathering primary keys
01-02-2024 14:50:18	Gathering unique constraints
01-02-2024 14:50:18	Gathering foreign keys
01-02-2024 14:50:18	Gathering default constraints
01-02-2024 14:50:18	Gathering check constraints
01-02-2024 14:50:18	Gathering views
01-02-2024 14:50:18	Gathering encrypted views
01-02-2024 14:50:18	Gathering indexes
01-02-2024 14:50:18	Gathering statistics
01-02-2024 14:50:18	Gathering full-text index stoplists
01-02-2024 14:50:18	Gathering search property lists
01-02-2024 14:50:18	Gathering search properties
01-02-2024 14:50:18	Gathering full-text indexes
01-02-2024 14:50:18	Gathering column store indexes
01-02-2024 14:50:18	Gathering spatial indexes
01-02-2024 14:50:18	Gathering XML indexes
01-02-2024 14:50:18	Gathering Selective XML indexes
01-02-2024 14:50:18	Gathering encrypted triggers
01-02-2024 14:50:18	Gathering triggers
01-02-2024 14:50:18	Gathering encrypted and clr ddl triggers
01-02-2024 14:50:18	Gathering ddl triggers
01-02-2024 14:50:18	Creating edge constraints
01-02-2024 14:50:18	Gathering synonyms
01-02-2024 14:50:18	Gathering defaults
01-02-2024 14:50:18	Gathering data constraint uddt bindings
01-02-2024 14:50:18	Gathering rules
01-02-2024 14:50:18	Gathering data constraint uddt bindings
01-02-2024 14:50:18	Gathering message types
01-02-2024 14:50:18	Gathering queues
01-02-2024 14:50:18	Gathering contracts
01-02-2024 14:50:18	Gathering services
01-02-2024 14:50:18	Gathering event notifications
01-02-2024 14:50:18	Gathering remote service bindings
01-02-2024 14:50:18	Gathering broker priorities
01-02-2024 14:50:18	Gathering signatures
01-02-2024 14:50:18	Gathering compression options
01-02-2024 14:50:18	Gathering sequence types
01-02-2024 14:50:18	Gathering security policies
01-02-2024 14:50:18	Gather column encryption keys
01-02-2024 14:50:18	Gathering column master keys
01-02-2024 14:50:18	Gathering external data sources
01-02-2024 14:50:18	Gathering external file formats
01-02-2024 14:50:18	Gathering external tables
01-02-2024 14:50:18	Gathering XML index compression options
01-02-2024 14:50:18	Gathering extended properties
01-02-2024 14:50:18	Gathering assemblies
01-02-2024 14:50:19	Gathering logins
01-02-2024 14:50:20	Scanning project for duplicate elements
01-02-2024 14:50:20	Finished duplicate element processing
01-02-2024 14:50:20	Finished importing database.
01-02-2024 14:50:20	A summary of the import was saved to the following location: D:\adwait1\Database2\Import Schema Logs\Database2_20240201092002.log
01-02-2024 14:50:20	Click Finish to continue...
